<?xml version="1.0" encoding="UTF-8"?>
<!-- Generated by org.testng.reporters.JUnitXMLReporter -->
<testsuite ignored="0" hostname="DESKTOP-FLFCU5L" failures="0" tests="3" name="Default test" time="11.55" errors="0" timestamp="2022-12-05T08:29:41 IST">
  <testcase classname="facebookProject.FacebookHomePage" name="f2" time="0.009"/>
  <testcase classname="facebookProject.FacebookHomePage" name="f3" time="0.003"/>
  <testcase classname="facebookProject.FacebookHomePage" name="validatingFacebookPageTitle" time="0.014"/>
</testsuite> <!-- Default test -->
